<?xml version='1.0' encoding='utf-8'?>
<coverage line-rate="0.2796" branch-rate="0.0000" complexity="0" branches-covered="0" branches-valid="0" timestamp="1781708832" lines-covered="326" lines-valid="1166" version="0">
  <sources><source>E:\jenkins_ws\HorizonPlugin\HorizonFrameworkDemo\Package</source></sources><packages><package name="E:\jenkins_ws\HorizonPlugin\HorizonFrameworkDemo\Package\Intermediate\BuildArtifacts\BuildPackage\Win64\main\5.7.0.264\Development\Standalone\HorizonFrameworkDemo\Binaries\Win64\HorizonFrameworkDemo.exe" line-rate="0.2796" branch-rate="0.0000" complexity="0" lines-covered="326" lines-valid="1166" branches-covered="0" branches-valid="0">
      <classes><class name="HorizonSceneManager.cpp" filename="Package/Plugins/HorizonFrameworkPlugin/Source/HorizonFramework/Private/Actor/HorizonSceneManager.cpp" line-rate="0.1070" branch-rate="0.0000" complexity="0" lines-covered="29" lines-valid="271" branches-covered="0" branches-valid="0">
          <methods />
          <lines>
            <line number="15" hits="0" />
            <line number="20" hits="0" />
            <line number="22" hits="1" />
            <line number="23" hits="1" />
            <line number="32" hits="1" />
            <line number="34" hits="0" />
            <line number="36" hits="0" />
            <line number="51" hits="0" />
            <line number="54" hits="0" />
            <line number="55" hits="0" />
            <line number="56" hits="0" />
            <line number="57" hits="0" />
            <line number="58" hits="0" />
            <line number="61" hits="1" />
            <line number="62" hits="1" />
            <line number="63" hits="1" />
            <line number="65" hits="1" />
            <line number="66" hits="1" />
            <line number="67" hits="1" />
            <line number="68" hits="1" />
            <line number="70" hits="1" />
            <line number="73" hits="1" />
            <line number="75" hits="1" />
            <line number="77" hits="1" />
            <line number="81" hits="0" />
            <line number="82" hits="0" />
            <line number="83" hits="0" />
            <line number="85" hits="0" />
            <line number="86" hits="0" />
            <line number="87" hits="0" />
            <line number="90" hits="0" />
            <line number="94" hits="0" />
            <line number="99" hits="0" />
            <line number="100" hits="0" />
            <line number="102" hits="0" />
            <line number="105" hits="0" />
            <line number="107" hits="0" />
            <line number="108" hits="0" />
            <line number="109" hits="0" />
            <line number="110" hits="0" />
            <line number="111" hits="0" />
            <line number="112" hits="0" />
            <line number="114" hits="0" />
            <line number="118" hits="0" />
            <line number="120" hits="0" />
            <line number="122" hits="0" />
            <line number="123" hits="0" />
            <line number="124" hits="0" />
            <line number="128" hits="0" />
            <line number="130" hits="0" />
            <line number="132" hits="0" />
            <line number="135" hits="0" />
            <line number="137" hits="0" />
            <line number="139" hits="0" />
            <line number="140" hits="0" />
            <line number="142" hits="0" />
            <line number="145" hits="0" />
            <line number="147" hits="0" />
            <line number="148" hits="0" />
            <line number="151" hits="0" />
            <line number="152" hits="0" />
            <line number="153" hits="0" />
            <line number="155" hits="0" />
            <line number="156" hits="0" />
            <line number="159" hits="0" />
            <line number="161" hits="0" />
            <line number="164" hits="0" />
            <line number="166" hits="0" />
            <line number="170" hits="0" />
            <line number="171" hits="0" />
            <line number="172" hits="0" />
            <line number="182" hits="0" />
            <line number="183" hits="0" />
            <line number="184" hits="0" />
            <line number="186" hits="0" />
            <line number="188" hits="0" />
            <line number="189" hits="0" />
            <line number="192" hits="0" />
            <line number="196" hits="0" />
            <line number="201" hits="0" />
            <line number="202" hits="0" />
            <line number="203" hits="0" />
            <line number="206" hits="0" />
            <line number="208" hits="0" />
            <line number="210" hits="0" />
            <line number="211" hits="0" />
            <line number="212" hits="0" />
            <line number="216" hits="0" />
            <line number="218" hits="0" />
            <line number="220" hits="0" />
            <line number="223" hits="0" />
            <line number="225" hits="0" />
            <line number="226" hits="0" />
            <line number="227" hits="0" />
            <line number="228" hits="0" />
            <line number="229" hits="0" />
            <line number="230" hits="0" />
            <line number="232" hits="0" />
            <line number="236" hits="0" />
            <line number="239" hits="0" />
            <line number="240" hits="0" />
            <line number="242" hits="0" />
            <line number="244" hits="0" />
            <line number="249" hits="0" />
            <line number="251" hits="0" />
            <line number="252" hits="0" />
            <line number="259" hits="0" />
            <line number="261" hits="0" />
            <line number="265" hits="0" />
            <line number="267" hits="0" />
            <line number="269" hits="0" />
            <line number="271" hits="0" />
            <line number="273" hits="0" />
            <line number="276" hits="0" />
            <line number="280" hits="0" />
            <line number="281" hits="0" />
            <line number="285" hits="0" />
            <line number="287" hits="0" />
            <line number="288" hits="0" />
            <line number="290" hits="0" />
            <line number="293" hits="0" />
            <line number="294" hits="0" />
            <line number="295" hits="0" />
            <line number="296" hits="0" />
            <line number="305" hits="0" />
            <line number="306" hits="0" />
            <line number="310" hits="0" />
            <line number="311" hits="0" />
            <line number="312" hits="0" />
            <line number="314" hits="0" />
            <line number="315" hits="0" />
            <line number="317" hits="0" />
            <line number="318" hits="0" />
            <line number="319" hits="0" />
            <line number="321" hits="0" />
            <line number="322" hits="0" />
            <line number="323" hits="0" />
            <line number="325" hits="0" />
            <line number="326" hits="0" />
            <line number="327" hits="0" />
            <line number="330" hits="0" />
            <line number="333" hits="0" />
            <line number="336" hits="0" />
            <line number="337" hits="0" />
            <line number="338" hits="0" />
            <line number="344" hits="0" />
            <line number="345" hits="0" />
            <line number="346" hits="0" />
            <line number="348" hits="0" />
            <line number="350" hits="0" />
            <line number="354" hits="0" />
            <line number="355" hits="0" />
            <line number="356" hits="0" />
            <line number="357" hits="0" />
            <line number="360" hits="0" />
            <line number="361" hits="0" />
            <line number="363" hits="0" />
            <line number="365" hits="0" />
            <line number="369" hits="0" />
            <line number="372" hits="0" />
            <line number="374" hits="0" />
            <line number="376" hits="0" />
            <line number="377" hits="0" />
            <line number="379" hits="0" />
            <line number="381" hits="0" />
            <line number="386" hits="0" />
            <line number="388" hits="0" />
            <line number="389" hits="0" />
            <line number="391" hits="0" />
            <line number="392" hits="0" />
            <line number="400" hits="0" />
            <line number="402" hits="0" />
            <line number="403" hits="0" />
            <line number="407" hits="0" />
            <line number="408" hits="0" />
            <line number="411" hits="0" />
            <line number="412" hits="0" />
            <line number="413" hits="0" />
            <line number="416" hits="0" />
            <line number="417" hits="0" />
            <line number="418" hits="0" />
            <line number="420" hits="0" />
            <line number="424" hits="0" />
            <line number="427" hits="0" />
            <line number="430" hits="0" />
            <line number="431" hits="0" />
            <line number="432" hits="0" />
            <line number="434" hits="0" />
            <line number="436" hits="0" />
            <line number="441" hits="0" />
            <line number="443" hits="0" />
            <line number="445" hits="0" />
            <line number="446" hits="0" />
            <line number="448" hits="0" />
            <line number="449" hits="0" />
            <line number="454" hits="0" />
            <line number="455" hits="0" />
            <line number="464" hits="0" />
            <line number="465" hits="0" />
            <line number="468" hits="0" />
            <line number="469" hits="0" />
            <line number="470" hits="0" />
            <line number="471" hits="0" />
            <line number="473" hits="0" />
            <line number="474" hits="0" />
            <line number="476" hits="0" />
            <line number="477" hits="0" />
            <line number="479" hits="0" />
            <line number="482" hits="0" />
            <line number="484" hits="0" />
            <line number="485" hits="0" />
            <line number="487" hits="0" />
            <line number="491" hits="0" />
            <line number="494" hits="0" />
            <line number="496" hits="0" />
            <line number="498" hits="0" />
            <line number="500" hits="0" />
            <line number="501" hits="0" />
            <line number="502" hits="0" />
            <line number="503" hits="0" />
            <line number="506" hits="0" />
            <line number="507" hits="0" />
            <line number="510" hits="0" />
            <line number="511" hits="0" />
            <line number="512" hits="0" />
            <line number="515" hits="0" />
            <line number="516" hits="0" />
            <line number="517" hits="0" />
            <line number="520" hits="0" />
            <line number="523" hits="0" />
            <line number="525" hits="0" />
            <line number="532" hits="0" />
            <line number="533" hits="0" />
            <line number="536" hits="0" />
            <line number="537" hits="0" />
            <line number="539" hits="0" />
            <line number="541" hits="0" />
            <line number="542" hits="0" />
            <line number="545" hits="0" />
            <line number="546" hits="0" />
            <line number="549" hits="0" />
            <line number="550" hits="0" />
            <line number="551" hits="0" />
            <line number="552" hits="0" />
            <line number="554" hits="0" />
            <line number="556" hits="0" />
            <line number="557" hits="0" />
            <line number="561" hits="0" />
            <line number="563" hits="0" />
            <line number="564" hits="0" />
            <line number="568" hits="0" />
            <line number="571" hits="1" />
            <line number="572" hits="1" />
            <line number="573" hits="1" />
            <line number="574" hits="1" />
            <line number="576" hits="0" />
            <line number="577" hits="1" />
            <line number="579" hits="0" />
            <line number="582" hits="1" />
            <line number="584" hits="1" />
            <line number="585" hits="1" />
            <line number="587" hits="1" />
            <line number="588" hits="1" />
            <line number="589" hits="1" />
            <line number="590" hits="1" />
            <line number="591" hits="1" />
            <line number="594" hits="0" />
            <line number="599" hits="1" />
            <line number="601" hits="0" />
            <line number="603" hits="0" />
            <line number="604" hits="1" />
          </lines>
        </class>
        <class name="HorizonTutorialSystem.cpp" filename="Package/Plugins/HorizonFrameworkPlugin/Source/HorizonFramework/Private/Actor/HorizonTutorialSystem.cpp" line-rate="0.0000" branch-rate="0.0000" complexity="0" lines-covered="0" lines-valid="78" branches-covered="0" branches-valid="0">
          <methods />
          <lines>
            <line number="13" hits="0" />
            <line number="15" hits="0" />
            <line number="16" hits="0" />
            <line number="17" hits="0" />
            <line number="18" hits="0" />
            <line number="22" hits="0" />
            <line number="26" hits="0" />
            <line number="27" hits="0" />
            <line number="29" hits="0" />
            <line number="33" hits="0" />
            <line number="38" hits="0" />
            <line number="39" hits="0" />
            <line number="41" hits="0" />
            <line number="43" hits="0" />
            <line number="49" hits="0" />
            <line number="50" hits="0" />
            <line number="51" hits="0" />
            <line number="52" hits="0" />
            <line number="53" hits="0" />
            <line number="58" hits="0" />
            <line number="66" hits="0" />
            <line number="70" hits="0" />
            <line number="71" hits="0" />
            <line number="77" hits="0" />
            <line number="78" hits="0" />
            <line number="80" hits="0" />
            <line number="82" hits="0" />
            <line number="85" hits="0" />
            <line number="86" hits="0" />
            <line number="87" hits="0" />
            <line number="92" hits="0" />
            <line number="93" hits="0" />
            <line number="99" hits="0" />
            <line number="101" hits="0" />
            <line number="102" hits="0" />
            <line number="104" hits="0" />
            <line number="106" hits="0" />
            <line number="109" hits="0" />
            <line number="111" hits="0" />
            <line number="113" hits="0" />
            <line number="116" hits="0" />
            <line number="117" hits="0" />
            <line number="119" hits="0" />
            <line number="120" hits="0" />
            <line number="123" hits="0" />
            <line number="125" hits="0" />
            <line number="128" hits="0" />
            <line number="135" hits="0" />
            <line number="136" hits="0" />
            <line number="140" hits="0" />
            <line number="141" hits="0" />
            <line number="142" hits="0" />
            <line number="144" hits="0" />
            <line number="147" hits="0" />
            <line number="149" hits="0" />
            <line number="151" hits="0" />
            <line number="154" hits="0" />
            <line number="156" hits="0" />
            <line number="157" hits="0" />
            <line number="158" hits="0" />
            <line number="164" hits="0" />
            <line number="165" hits="0" />
            <line number="166" hits="0" />
            <line number="170" hits="0" />
            <line number="171" hits="0" />
            <line number="172" hits="0" />
            <line number="174" hits="0" />
            <line number="175" hits="0" />
            <line number="178" hits="0" />
            <line number="179" hits="0" />
            <line number="181" hits="0" />
            <line number="184" hits="0" />
            <line number="189" hits="0" />
            <line number="190" hits="0" />
            <line number="191" hits="0" />
            <line number="193" hits="0" />
            <line number="194" hits="0" />
            <line number="195" hits="0" />
          </lines>
        </class>
        <class name="HorizonScene.cpp" filename="Package/Plugins/HorizonFrameworkPlugin/Source/HorizonFramework/Private/Actor/Scene/HorizonScene.cpp" line-rate="0.3553" branch-rate="0.0000" complexity="0" lines-covered="27" lines-valid="76" branches-covered="0" branches-valid="0">
          <methods />
          <lines>
            <line number="12" hits="1" />
            <line number="13" hits="1" />
            <line number="14" hits="1" />
            <line number="16" hits="1" />
            <line number="17" hits="1" />
            <line number="26" hits="1" />
            <line number="30" hits="1" />
            <line number="31" hits="1" />
            <line number="32" hits="1" />
            <line number="34" hits="1" />
            <line number="36" hits="0" />
            <line number="37" hits="0" />
            <line number="39" hits="0" />
            <line number="40" hits="0" />
            <line number="43" hits="0" />
            <line number="45" hits="0" />
            <line number="48" hits="1" />
            <line number="49" hits="1" />
            <line number="52" hits="1" />
            <line number="55" hits="0" />
            <line number="56" hits="0" />
            <line number="59" hits="0" />
            <line number="62" hits="0" />
            <line number="64" hits="0" />
            <line number="65" hits="0" />
            <line number="67" hits="0" />
            <line number="68" hits="0" />
            <line number="70" hits="0" />
            <line number="72" hits="0" />
            <line number="73" hits="0" />
            <line number="74" hits="0" />
            <line number="76" hits="0" />
            <line number="78" hits="0" />
            <line number="79" hits="0" />
            <line number="80" hits="0" />
            <line number="83" hits="0" />
            <line number="84" hits="0" />
            <line number="86" hits="0" />
            <line number="91" hits="0" />
            <line number="96" hits="0" />
            <line number="101" hits="0" />
            <line number="102" hits="0" />
            <line number="103" hits="0" />
            <line number="104" hits="0" />
            <line number="105" hits="0" />
            <line number="107" hits="0" />
            <line number="109" hits="0" />
            <line number="112" hits="0" />
            <line number="120" hits="0" />
            <line number="122" hits="0" />
            <line number="125" hits="0" />
            <line number="133" hits="0" />
            <line number="135" hits="0" />
            <line number="138" hits="0" />
            <line number="145" hits="0" />
            <line number="146" hits="0" />
            <line number="148" hits="0" />
            <line number="150" hits="0" />
            <line number="153" hits="1" />
            <line number="154" hits="1" />
            <line number="155" hits="1" />
            <line number="158" hits="1" />
            <line number="159" hits="1" />
            <line number="161" hits="0" />
            <line number="164" hits="0" />
            <line number="168" hits="0" />
            <line number="170" hits="0" />
            <line number="175" hits="1" />
            <line number="179" hits="1" />
            <line number="181" hits="1" />
            <line number="182" hits="1" />
            <line number="186" hits="1" />
            <line number="187" hits="1" />
            <line number="189" hits="1" />
            <line number="192" hits="1" />
            <line number="193" hits="1" />
          </lines>
        </class>
        <class name="HorizonSceneBase.cpp" filename="Package/Plugins/HorizonFrameworkPlugin/Source/HorizonFramework/Private/Actor/Scene/HorizonSceneBase.cpp" line-rate="0.5385" branch-rate="0.0000" complexity="0" lines-covered="105" lines-valid="195" branches-covered="0" branches-valid="0">
          <methods />
          <lines>
            <line number="14" hits="1" />
            <line number="17" hits="1" />
            <line number="18" hits="1" />
            <line number="19" hits="1" />
            <line number="20" hits="1" />
            <line number="21" hits="1" />
            <line number="22" hits="1" />
            <line number="24" hits="1" />
            <line number="25" hits="1" />
            <line number="29" hits="1" />
            <line number="30" hits="1" />
            <line number="31" hits="1" />
            <line number="33" hits="1" />
            <line number="41" hits="1" />
            <line number="43" hits="1" />
            <line number="44" hits="1" />
            <line number="45" hits="1" />
            <line number="46" hits="1" />
            <line number="52" hits="1" />
            <line number="54" hits="1" />
            <line number="57" hits="0" />
            <line number="59" hits="0" />
            <line number="60" hits="0" />
            <line number="61" hits="0" />
            <line number="62" hits="0" />
            <line number="67" hits="0" />
            <line number="73" hits="1" />
            <line number="80" hits="1" />
            <line number="81" hits="1" />
            <line number="82" hits="1" />
            <line number="83" hits="1" />
            <line number="86" hits="0" />
            <line number="87" hits="0" />
            <line number="89" hits="0" />
            <line number="93" hits="0" />
            <line number="95" hits="0" />
            <line number="100" hits="1" />
            <line number="101" hits="1" />
            <line number="109" hits="0" />
            <line number="110" hits="0" />
            <line number="111" hits="0" />
            <line number="112" hits="0" />
            <line number="115" hits="1" />
            <line number="116" hits="1" />
            <line number="120" hits="1" />
            <line number="122" hits="1" />
            <line number="124" hits="1" />
            <line number="126" hits="1" />
            <line number="129" hits="1" />
            <line number="132" hits="1" />
            <line number="133" hits="1" />
            <line number="134" hits="1" />
            <line number="135" hits="1" />
            <line number="137" hits="0" />
            <line number="142" hits="1" />
            <line number="143" hits="1" />
            <line number="144" hits="1" />
            <line number="145" hits="1" />
            <line number="146" hits="1" />
            <line number="149" hits="1" />
            <line number="150" hits="1" />
            <line number="152" hits="1" />
            <line number="153" hits="1" />
            <line number="154" hits="1" />
            <line number="155" hits="1" />
            <line number="160" hits="1" />
            <line number="161" hits="1" />
            <line number="163" hits="1" />
            <line number="164" hits="1" />
            <line number="168" hits="0" />
            <line number="169" hits="0" />
            <line number="170" hits="0" />
            <line number="171" hits="0" />
            <line number="172" hits="0" />
            <line number="175" hits="0" />
            <line number="176" hits="0" />
            <line number="178" hits="0" />
            <line number="179" hits="0" />
            <line number="180" hits="0" />
            <line number="182" hits="0" />
            <line number="184" hits="0" />
            <line number="185" hits="0" />
            <line number="188" hits="0" />
            <line number="191" hits="0" />
            <line number="193" hits="0" />
            <line number="194" hits="0" />
            <line number="195" hits="0" />
            <line number="196" hits="0" />
            <line number="199" hits="0" />
            <line number="200" hits="0" />
            <line number="201" hits="0" />
            <line number="203" hits="0" />
            <line number="204" hits="0" />
            <line number="206" hits="0" />
            <line number="209" hits="0" />
            <line number="210" hits="0" />
            <line number="218" hits="1" />
            <line number="219" hits="1" />
            <line number="220" hits="1" />
            <line number="224" hits="1" />
            <line number="225" hits="1" />
            <line number="227" hits="1" />
            <line number="229" hits="1" />
            <line number="230" hits="1" />
            <line number="232" hits="1" />
            <line number="233" hits="1" />
            <line number="234" hits="1" />
            <line number="236" hits="1" />
            <line number="238" hits="1" />
            <line number="240" hits="1" />
            <line number="242" hits="1" />
            <line number="244" hits="1" />
            <line number="245" hits="1" />
            <line number="248" hits="0" />
            <line number="250" hits="1" />
            <line number="253" hits="0" />
            <line number="255" hits="0" />
            <line number="272" hits="1" />
            <line number="274" hits="1" />
            <line number="276" hits="1" />
            <line number="277" hits="1" />
            <line number="281" hits="0" />
            <line number="289" hits="1" />
            <line number="294" hits="0" />
            <line number="295" hits="0" />
            <line number="301" hits="0" />
            <line number="303" hits="0" />
            <line number="305" hits="0" />
            <line number="310" hits="0" />
            <line number="313" hits="0" />
            <line number="314" hits="0" />
            <line number="315" hits="0" />
            <line number="317" hits="0" />
            <line number="318" hits="0" />
            <line number="320" hits="0" />
            <line number="322" hits="0" />
            <line number="326" hits="1" />
            <line number="327" hits="1" />
            <line number="329" hits="1" />
            <line number="331" hits="0" />
            <line number="336" hits="1" />
            <line number="338" hits="1" />
            <line number="340" hits="1" />
            <line number="342" hits="1" />
            <line number="345" hits="1" />
            <line number="347" hits="1" />
            <line number="352" hits="1" />
            <line number="357" hits="0" />
            <line number="358" hits="0" />
            <line number="360" hits="0" />
            <line number="362" hits="0" />
            <line number="365" hits="0" />
            <line number="366" hits="0" />
            <line number="367" hits="0" />
            <line number="374" hits="0" />
            <line number="375" hits="0" />
            <line number="377" hits="0" />
            <line number="378" hits="0" />
            <line number="380" hits="0" />
            <line number="384" hits="1" />
            <line number="385" hits="1" />
            <line number="387" hits="1" />
            <line number="389" hits="1" />
            <line number="391" hits="1" />
            <line number="392" hits="1" />
            <line number="399" hits="0" />
            <line number="401" hits="0" />
            <line number="403" hits="1" />
            <line number="404" hits="1" />
            <line number="405" hits="1" />
            <line number="408" hits="0" />
            <line number="409" hits="0" />
            <line number="410" hits="0" />
            <line number="413" hits="0" />
            <line number="414" hits="0" />
            <line number="415" hits="0" />
            <line number="419" hits="0" />
            <line number="420" hits="0" />
            <line number="421" hits="0" />
            <line number="424" hits="0" />
            <line number="425" hits="0" />
            <line number="426" hits="0" />
            <line number="429" hits="0" />
            <line number="450" hits="0" />
            <line number="451" hits="0" />
            <line number="454" hits="1" />
            <line number="455" hits="1" />
            <line number="456" hits="1" />
            <line number="459" hits="1" />
            <line number="460" hits="1" />
            <line number="461" hits="1" />
            <line number="464" hits="1" />
            <line number="467" hits="1" />
            <line number="472" hits="1" />
            <line number="473" hits="1" />
          </lines>
        </class>
        <class name="HorizonTutorialScene.cpp" filename="Package/Plugins/HorizonFrameworkPlugin/Source/HorizonFramework/Private/Actor/Scene/HorizonTutorialScene.cpp" line-rate="0.0000" branch-rate="0.0000" complexity="0" lines-covered="0" lines-valid="21" branches-covered="0" branches-valid="0">
          <methods />
          <lines>
            <line number="12" hits="0" />
            <line number="13" hits="0" />
            <line number="17" hits="0" />
            <line number="18" hits="0" />
            <line number="19" hits="0" />
            <line number="20" hits="0" />
            <line number="21" hits="0" />
            <line number="26" hits="0" />
            <line number="27" hits="0" />
            <line number="28" hits="0" />
            <line number="29" hits="0" />
            <line number="30" hits="0" />
            <line number="32" hits="0" />
            <line number="33" hits="0" />
            <line number="34" hits="0" />
            <line number="39" hits="0" />
            <line number="40" hits="0" />
            <line number="42" hits="0" />
            <line number="44" hits="0" />
            <line number="45" hits="0" />
            <line number="46" hits="0" />
          </lines>
        </class>
        <class name="HorizonStaticMeshComponent.cpp" filename="Package/Plugins/HorizonFrameworkPlugin/Source/HorizonFramework/Private/Component/HorizonStaticMeshComponent.cpp" line-rate="0.0000" branch-rate="0.0000" complexity="0" lines-covered="0" lines-valid="10" branches-covered="0" branches-valid="0">
          <methods />
          <lines>
            <line number="11" hits="0" />
            <line number="12" hits="0" />
            <line number="15" hits="0" />
            <line number="17" hits="0" />
            <line number="21" hits="0" />
            <line number="22" hits="0" />
            <line number="24" hits="0" />
            <line number="26" hits="0" />
            <line number="27" hits="0" />
            <line number="29" hits="0" />
          </lines>
        </class>
        <class name="HorizonChangeSceneEvent.cpp" filename="Package/Plugins/HorizonFrameworkPlugin/Source/HorizonFramework/Private/Event/HorizonChangeSceneEvent.cpp" line-rate="0.0000" branch-rate="0.0000" complexity="0" lines-covered="0" lines-valid="25" branches-covered="0" branches-valid="0">
          <methods />
          <lines>
            <line number="17" hits="0" />
            <line number="18" hits="0" />
            <line number="19" hits="0" />
            <line number="20" hits="0" />
            <line number="23" hits="0" />
            <line number="27" hits="0" />
            <line number="29" hits="0" />
            <line number="32" hits="0" />
            <line number="34" hits="0" />
            <line number="37" hits="0" />
            <line number="39" hits="0" />
            <line number="42" hits="0" />
            <line number="44" hits="0" />
            <line number="53" hits="0" />
            <line number="56" hits="0" />
            <line number="57" hits="0" />
            <line number="58" hits="0" />
            <line number="59" hits="0" />
            <line number="60" hits="0" />
            <line number="62" hits="0" />
            <line number="64" hits="0" />
            <line number="65" hits="0" />
            <line number="66" hits="0" />
            <line number="67" hits="0" />
            <line number="68" hits="0" />
          </lines>
        </class>
        <class name="HorizonPopSceneEvent.cpp" filename="Package/Plugins/HorizonFrameworkPlugin/Source/HorizonFramework/Private/Event/HorizonPopSceneEvent.cpp" line-rate="0.0000" branch-rate="0.0000" complexity="0" lines-covered="0" lines-valid="17" branches-covered="0" branches-valid="0">
          <methods />
          <lines>
            <line number="15" hits="0" />
            <line number="16" hits="0" />
            <line number="17" hits="0" />
            <line number="18" hits="0" />
            <line number="19" hits="0" />
            <line number="21" hits="0" />
            <line number="23" hits="0" />
            <line number="30" hits="0" />
            <line number="36" hits="0" />
            <line number="37" hits="0" />
            <line number="38" hits="0" />
            <line number="39" hits="0" />
            <line number="40" hits="0" />
            <line number="41" hits="0" />
            <line number="43" hits="0" />
            <line number="44" hits="0" />
            <line number="45" hits="0" />
          </lines>
        </class>
        <class name="HorizonPushSceneEvent.cpp" filename="Package/Plugins/HorizonFrameworkPlugin/Source/HorizonFramework/Private/Event/HorizonPushSceneEvent.cpp" line-rate="0.8824" branch-rate="0.0000" complexity="0" lines-covered="15" lines-valid="17" branches-covered="0" branches-valid="0">
          <methods />
          <lines>
            <line number="17" hits="1" />
            <line number="18" hits="1" />
            <line number="19" hits="1" />
            <line number="20" hits="1" />
            <line number="23" hits="1" />
            <line number="25" hits="1" />
            <line number="27" hits="1" />
            <line number="28" hits="1" />
            <line number="29" hits="0" />
            <line number="32" hits="0" />
            <line number="36" hits="1" />
            <line number="39" hits="1" />
            <line number="40" hits="1" />
            <line number="41" hits="1" />
            <line number="42" hits="1" />
            <line number="43" hits="1" />
            <line number="44" hits="1" />
          </lines>
        </class>
        <class name="HorizonRemoveSceneEvent.cpp" filename="Package/Plugins/HorizonFrameworkPlugin/Source/HorizonFramework/Private/Event/HorizonRemoveSceneEvent.cpp" line-rate="0.0000" branch-rate="0.0000" complexity="0" lines-covered="0" lines-valid="18" branches-covered="0" branches-valid="0">
          <methods />
          <lines>
            <line number="14" hits="0" />
            <line number="15" hits="0" />
            <line number="16" hits="0" />
            <line number="17" hits="0" />
            <line number="19" hits="0" />
            <line number="21" hits="0" />
            <line number="23" hits="0" />
            <line number="31" hits="0" />
            <line number="34" hits="0" />
            <line number="35" hits="0" />
            <line number="36" hits="0" />
            <line number="39" hits="0" />
            <line number="40" hits="0" />
            <line number="41" hits="0" />
            <line number="42" hits="0" />
            <line number="43" hits="0" />
            <line number="44" hits="0" />
            <line number="46" hits="0" />
          </lines>
        </class>
        <class name="HorizonSceneEvent.cpp" filename="Package/Plugins/HorizonFrameworkPlugin/Source/HorizonFramework/Private/Event/HorizonSceneEvent.cpp" line-rate="0.3768" branch-rate="0.0000" complexity="0" lines-covered="26" lines-valid="69" branches-covered="0" branches-valid="0">
          <methods />
          <lines>
            <line number="14" hits="1" />
            <line number="16" hits="1" />
            <line number="17" hits="1" />
            <line number="19" hits="1" />
            <line number="20" hits="1" />
            <line number="21" hits="1" />
            <line number="25" hits="0" />
            <line number="26" hits="0" />
            <line number="27" hits="0" />
            <line number="31" hits="0" />
            <line number="33" hits="0" />
            <line number="35" hits="0" />
            <line number="36" hits="0" />
            <line number="38" hits="0" />
            <line number="39" hits="0" />
            <line number="42" hits="0" />
            <line number="43" hits="0" />
            <line number="46" hits="0" />
            <line number="47" hits="0" />
            <line number="48" hits="0" />
            <line number="52" hits="0" />
            <line number="54" hits="0" />
            <line number="58" hits="0" />
            <line number="59" hits="0" />
            <line number="62" hits="1" />
            <line number="63" hits="1" />
            <line number="64" hits="1" />
            <line number="66" hits="1" />
            <line number="67" hits="1" />
            <line number="70" hits="1" />
            <line number="75" hits="0" />
            <line number="77" hits="0" />
            <line number="79" hits="0" />
            <line number="81" hits="0" />
            <line number="87" hits="1" />
            <line number="89" hits="1" />
            <line number="90" hits="1" />
            <line number="92" hits="1" />
            <line number="94" hits="1" />
            <line number="96" hits="1" />
            <line number="100" hits="0" />
            <line number="103" hits="1" />
            <line number="108" hits="0" />
            <line number="109" hits="0" />
            <line number="110" hits="0" />
            <line number="112" hits="0" />
            <line number="114" hits="0" />
            <line number="116" hits="0" />
            <line number="117" hits="0" />
            <line number="121" hits="0" />
            <line number="123" hits="0" />
            <line number="127" hits="1" />
            <line number="128" hits="1" />
            <line number="129" hits="1" />
            <line number="130" hits="1" />
            <line number="132" hits="1" />
            <line number="133" hits="1" />
            <line number="137" hits="0" />
            <line number="139" hits="1" />
            <line number="142" hits="0" />
            <line number="144" hits="0" />
            <line number="145" hits="0" />
            <line number="147" hits="0" />
            <line number="149" hits="0" />
            <line number="151" hits="0" />
            <line number="153" hits="0" />
            <line number="156" hits="0" />
            <line number="160" hits="0" />
            <line number="163" hits="0" />
          </lines>
        </class>
        <class name="HorizonFramework.cpp" filename="Package/Plugins/HorizonFrameworkPlugin/Source/HorizonFramework/Private/HorizonFramework.cpp" line-rate="0.6667" branch-rate="0.0000" complexity="0" lines-covered="4" lines-valid="6" branches-covered="0" branches-valid="0">
          <methods />
          <lines>
            <line number="13" hits="1" />
            <line number="15" hits="1" />
            <line number="18" hits="0" />
            <line number="21" hits="0" />
            <line number="26" hits="1" />
            <line number="29" hits="1" />
          </lines>
        </class>
        <class name="HorizonFrameworkFunctionLibrary.cpp" filename="Package/Plugins/HorizonFrameworkPlugin/Source/HorizonFramework/Private/HorizonFrameworkFunctionLibrary.cpp" line-rate="0.1216" branch-rate="0.0000" complexity="0" lines-covered="9" lines-valid="74" branches-covered="0" branches-valid="0">
          <methods />
          <lines>
            <line number="14" hits="1" />
            <line number="16" hits="1" />
            <line number="18" hits="1" />
            <line number="20" hits="1" />
            <line number="21" hits="1" />
            <line number="26" hits="0" />
            <line number="27" hits="0" />
            <line number="28" hits="0" />
            <line number="30" hits="0" />
            <line number="32" hits="0" />
            <line number="33" hits="0" />
            <line number="38" hits="0" />
            <line number="40" hits="0" />
            <line number="44" hits="1" />
            <line number="47" hits="1" />
            <line number="52" hits="0" />
            <line number="53" hits="0" />
            <line number="61" hits="1" />
            <line number="66" hits="1" />
            <line number="71" hits="0" />
            <line number="72" hits="0" />
            <line number="73" hits="0" />
            <line number="75" hits="0" />
            <line number="77" hits="0" />
            <line number="79" hits="0" />
            <line number="82" hits="0" />
            <line number="89" hits="0" />
            <line number="91" hits="0" />
            <line number="97" hits="0" />
            <line number="99" hits="0" />
            <line number="121" hits="0" />
            <line number="122" hits="0" />
            <line number="125" hits="0" />
            <line number="126" hits="0" />
            <line number="129" hits="0" />
            <line number="133" hits="0" />
            <line number="134" hits="0" />
            <line number="135" hits="0" />
            <line number="138" hits="0" />
            <line number="139" hits="0" />
            <line number="140" hits="0" />
            <line number="145" hits="0" />
            <line number="146" hits="0" />
            <line number="147" hits="0" />
            <line number="150" hits="0" />
            <line number="151" hits="0" />
            <line number="152" hits="0" />
            <line number="154" hits="0" />
            <line number="156" hits="0" />
            <line number="162" hits="0" />
            <line number="164" hits="0" />
            <line number="166" hits="0" />
            <line number="168" hits="0" />
            <line number="170" hits="0" />
            <line number="172" hits="0" />
            <line number="176" hits="0" />
            <line number="181" hits="0" />
            <line number="183" hits="0" />
            <line number="188" hits="0" />
            <line number="189" hits="0" />
            <line number="190" hits="0" />
            <line number="193" hits="0" />
            <line number="194" hits="0" />
            <line number="195" hits="0" />
            <line number="198" hits="0" />
            <line number="199" hits="0" />
            <line number="205" hits="0" />
            <line number="207" hits="0" />
            <line number="209" hits="0" />
            <line number="210" hits="0" />
            <line number="212" hits="0" />
            <line number="213" hits="0" />
            <line number="216" hits="0" />
            <line number="217" hits="0" />
          </lines>
        </class>
        <class name="HorizonFrameworkPrivate.h" filename="Package/Plugins/HorizonFrameworkPlugin/Source/HorizonFramework/Private/HorizonFrameworkPrivate.h" line-rate="1.0000" branch-rate="0.0000" complexity="0" lines-covered="1" lines-valid="1" branches-covered="0" branches-valid="0">
          <methods />
          <lines>
            <line number="121" hits="1" />
          </lines>
        </class>
        <class name="HorizonSceneManagerLibrary.cpp" filename="Package/Plugins/HorizonFrameworkPlugin/Source/HorizonFramework/Private/HorizonSceneManagerLibrary.cpp" line-rate="0.0000" branch-rate="0.0000" complexity="0" lines-covered="0" lines-valid="51" branches-covered="0" branches-valid="0">
          <methods />
          <lines>
            <line number="18" hits="0" />
            <line number="20" hits="0" />
            <line number="21" hits="0" />
            <line number="23" hits="0" />
            <line number="25" hits="0" />
            <line number="29" hits="0" />
            <line number="32" hits="0" />
            <line number="35" hits="0" />
            <line number="39" hits="0" />
            <line number="43" hits="0" />
            <line number="45" hits="0" />
            <line number="46" hits="0" />
            <line number="48" hits="0" />
            <line number="50" hits="0" />
            <line number="55" hits="0" />
            <line number="58" hits="0" />
            <line number="61" hits="0" />
            <line number="65" hits="0" />
            <line number="70" hits="0" />
            <line number="72" hits="0" />
            <line number="74" hits="0" />
            <line number="75" hits="0" />
            <line number="77" hits="0" />
            <line number="79" hits="0" />
            <line number="88" hits="0" />
            <line number="89" hits="0" />
            <line number="93" hits="0" />
            <line number="95" hits="0" />
            <line number="96" hits="0" />
            <line number="98" hits="0" />
            <line number="100" hits="0" />
            <line number="107" hits="0" />
            <line number="108" hits="0" />
            <line number="111" hits="0" />
            <line number="113" hits="0" />
            <line number="114" hits="0" />
            <line number="116" hits="0" />
            <line number="117" hits="0" />
            <line number="119" hits="0" />
            <line number="123" hits="0" />
            <line number="125" hits="0" />
            <line number="126" hits="0" />
            <line number="131" hits="0" />
            <line number="133" hits="0" />
            <line number="134" hits="0" />
            <line number="136" hits="0" />
            <line number="137" hits="0" />
            <line number="139" hits="0" />
            <line number="143" hits="0" />
            <line number="145" hits="0" />
            <line number="146" hits="0" />
          </lines>
        </class>
        <class name="HorizonSceneManagerProxy.cpp" filename="Package/Plugins/HorizonFrameworkPlugin/Source/HorizonFramework/Private/HorizonSceneManagerProxy.cpp" line-rate="0.0000" branch-rate="0.0000" complexity="0" lines-covered="0" lines-valid="61" branches-covered="0" branches-valid="0">
          <methods />
          <lines>
            <line number="16" hits="0" />
            <line number="17" hits="0" />
            <line number="19" hits="0" />
            <line number="25" hits="0" />
            <line number="29" hits="0" />
            <line number="30" hits="0" />
            <line number="32" hits="0" />
            <line number="36" hits="0" />
            <line number="38" hits="0" />
            <line number="41" hits="0" />
            <line number="42" hits="0" />
            <line number="44" hits="0" />
            <line number="48" hits="0" />
            <line number="51" hits="0" />
            <line number="54" hits="0" />
            <line number="55" hits="0" />
            <line number="61" hits="0" />
            <line number="63" hits="0" />
            <line number="68" hits="0" />
            <line number="69" hits="0" />
            <line number="71" hits="0" />
            <line number="77" hits="0" />
            <line number="82" hits="0" />
            <line number="83" hits="0" />
            <line number="85" hits="0" />
            <line number="89" hits="0" />
            <line number="91" hits="0" />
            <line number="94" hits="0" />
            <line number="95" hits="0" />
            <line number="97" hits="0" />
            <line number="101" hits="0" />
            <line number="104" hits="0" />
            <line number="107" hits="0" />
            <line number="108" hits="0" />
            <line number="114" hits="0" />
            <line number="117" hits="0" />
            <line number="120" hits="0" />
            <line number="121" hits="0" />
            <line number="123" hits="0" />
            <line number="127" hits="0" />
            <line number="129" hits="0" />
            <line number="133" hits="0" />
            <line number="134" hits="0" />
            <line number="140" hits="0" />
            <line number="142" hits="0" />
            <line number="145" hits="0" />
            <line number="146" hits="0" />
            <line number="148" hits="0" />
            <line number="152" hits="0" />
            <line number="153" hits="0" />
            <line number="155" hits="0" />
            <line number="160" hits="0" />
            <line number="161" hits="0" />
            <line number="163" hits="0" />
            <line number="167" hits="0" />
            <line number="169" hits="0" />
            <line number="172" hits="0" />
            <line number="173" hits="0" />
            <line number="175" hits="0" />
            <line number="179" hits="0" />
            <line number="181" hits="0" />
          </lines>
        </class>
        <class name="HorizonSceneSystem.cpp" filename="Package/Plugins/HorizonFrameworkPlugin/Source/HorizonFramework/Private/HorizonSceneSystem.cpp" line-rate="0.0000" branch-rate="0.0000" complexity="0" lines-covered="0" lines-valid="25" branches-covered="0" branches-valid="0">
          <methods />
          <lines>
            <line number="12" hits="0" />
            <line number="14" hits="0" />
            <line number="16" hits="0" />
            <line number="17" hits="0" />
            <line number="19" hits="0" />
            <line number="23" hits="0" />
            <line number="24" hits="0" />
            <line number="25" hits="0" />
            <line number="28" hits="0" />
            <line number="29" hits="0" />
            <line number="30" hits="0" />
            <line number="31" hits="0" />
            <line number="33" hits="0" />
            <line number="37" hits="0" />
            <line number="39" hits="0" />
            <line number="40" hits="0" />
            <line number="42" hits="0" />
            <line number="43" hits="0" />
            <line number="45" hits="0" />
            <line number="46" hits="0" />
            <line number="51" hits="0" />
            <line number="53" hits="0" />
            <line number="57" hits="0" />
            <line number="59" hits="0" />
            <line number="60" hits="0" />
          </lines>
        </class>
        <class name="HorizonFrameworkArchive.cpp" filename="Package/Plugins/HorizonFrameworkPlugin/Source/HorizonFramework/Private/Serialization/HorizonFrameworkArchive.cpp" line-rate="0.0000" branch-rate="0.0000" complexity="0" lines-covered="0" lines-valid="5" branches-covered="0" branches-valid="0">
          <methods />
          <lines>
            <line number="12" hits="0" />
            <line number="13" hits="0" />
            <line number="14" hits="0" />
            <line number="15" hits="0" />
            <line number="16" hits="0" />
          </lines>
        </class>
        <class name="HorizonStringTable.cpp" filename="Package/Plugins/HorizonFrameworkPlugin/Source/HorizonFramework/Private/StringTable/HorizonStringTable.cpp" line-rate="0.0000" branch-rate="0.0000" complexity="0" lines-covered="0" lines-valid="2" branches-covered="0" branches-valid="0">
          <methods />
          <lines>
            <line number="12" hits="0" />
            <line number="13" hits="0" />
          </lines>
        </class>
        <class name="HorizonFramework.spec.cpp" filename="Package/Plugins/HorizonFrameworkPlugin/Source/HorizonFramework/Private/Test/HorizonFramework.spec.cpp" line-rate="1.0000" branch-rate="0.0000" complexity="0" lines-covered="11" lines-valid="11" branches-covered="0" branches-valid="0">
          <methods />
          <lines>
            <line number="47" hits="1" />
            <line number="49" hits="1" />
            <line number="51" hits="1" />
            <line number="56" hits="1" />
            <line number="57" hits="1" />
            <line number="58" hits="1" />
            <line number="61" hits="1" />
            <line number="68" hits="1" />
            <line number="75" hits="1" />
            <line number="81" hits="1" />
            <line number="82" hits="1" />
          </lines>
        </class>
        <class name="HorizonGameInstance.cpp" filename="Package/Plugins/HorizonFrameworkPlugin/Source/HorizonFramework/Private/Util/HorizonGameInstance.cpp" line-rate="0.7429" branch-rate="0.0000" complexity="0" lines-covered="52" lines-valid="70" branches-covered="0" branches-valid="0">
          <methods />
          <lines>
            <line number="16" hits="1" />
            <line number="17" hits="1" />
            <line number="20" hits="1" />
            <line number="21" hits="1" />
            <line number="23" hits="0" />
            <line number="30" hits="1" />
            <line number="31" hits="1" />
            <line number="32" hits="1" />
            <line number="34" hits="1" />
            <line number="35" hits="1" />
            <line number="36" hits="1" />
            <line number="37" hits="1" />
            <line number="41" hits="1" />
            <line number="45" hits="1" />
            <line number="46" hits="1" />
            <line number="52" hits="1" />
            <line number="55" hits="1" />
            <line number="58" hits="1" />
            <line number="59" hits="1" />
            <line number="64" hits="1" />
            <line number="66" hits="1" />
            <line number="69" hits="1" />
            <line number="73" hits="1" />
            <line number="74" hits="1" />
            <line number="76" hits="1" />
            <line number="77" hits="1" />
            <line number="78" hits="1" />
            <line number="80" hits="0" />
            <line number="82" hits="0" />
            <line number="83" hits="0" />
            <line number="85" hits="0" />
            <line number="89" hits="0" />
            <line number="91" hits="0" />
            <line number="93" hits="0" />
            <line number="95" hits="1" />
            <line number="98" hits="1" />
            <line number="101" hits="1" />
            <line number="103" hits="1" />
            <line number="109" hits="0" />
            <line number="110" hits="0" />
            <line number="113" hits="0" />
            <line number="114" hits="0" />
            <line number="118" hits="0" />
            <line number="119" hits="0" />
            <line number="121" hits="0" />
            <line number="124" hits="0" />
            <line number="129" hits="0" />
            <line number="133" hits="1" />
            <line number="134" hits="1" />
            <line number="136" hits="1" />
            <line number="138" hits="0" />
            <line number="147" hits="1" />
            <line number="148" hits="1" />
            <line number="150" hits="1" />
            <line number="152" hits="1" />
            <line number="153" hits="1" />
            <line number="154" hits="1" />
            <line number="157" hits="1" />
            <line number="161" hits="1" />
            <line number="162" hits="1" />
            <line number="164" hits="1" />
            <line number="165" hits="1" />
            <line number="167" hits="1" />
            <line number="168" hits="1" />
            <line number="170" hits="1" />
            <line number="172" hits="1" />
            <line number="177" hits="1" />
            <line number="179" hits="1" />
            <line number="181" hits="1" />
            <line number="183" hits="1" />
          </lines>
        </class>
        <class name="HorizonSceneManager.h" filename="Package/Plugins/HorizonFrameworkPlugin/Source/HorizonFramework/Public/Actor/HorizonSceneManager.h" line-rate="0.9286" branch-rate="0.0000" complexity="0" lines-covered="13" lines-valid="14" branches-covered="0" branches-valid="0">
          <methods />
          <lines>
            <line number="31" hits="1" />
            <line number="97" hits="1" />
            <line number="149" hits="1" />
            <line number="152" hits="1" />
            <line number="153" hits="1" />
            <line number="154" hits="1" />
            <line number="155" hits="1" />
            <line number="156" hits="1" />
            <line number="158" hits="1" />
            <line number="160" hits="1" />
            <line number="161" hits="1" />
            <line number="162" hits="1" />
            <line number="166" hits="1" />
            <line number="176" hits="0" />
          </lines>
        </class>
        <class name="HorizonTutorialSystem.h" filename="Package/Plugins/HorizonFrameworkPlugin/Source/HorizonFramework/Public/Actor/HorizonTutorialSystem.h" line-rate="0.2500" branch-rate="0.0000" complexity="0" lines-covered="1" lines-valid="4" branches-covered="0" branches-valid="0">
          <methods />
          <lines>
            <line number="29" hits="1" />
            <line number="38" hits="0" />
            <line number="48" hits="0" />
            <line number="51" hits="0" />
          </lines>
        </class>
        <class name="HorizonScene.h" filename="Package/Plugins/HorizonFrameworkPlugin/Source/HorizonFramework/Public/Actor/Scene/HorizonScene.h" line-rate="1.0000" branch-rate="0.0000" complexity="0" lines-covered="7" lines-valid="7" branches-covered="0" branches-valid="0">
          <methods />
          <lines>
            <line number="21" hits="1" />
            <line number="41" hits="1" />
            <line number="47" hits="1" />
            <line number="55" hits="1" />
            <line number="58" hits="1" />
            <line number="63" hits="1" />
            <line number="67" hits="1" />
          </lines>
        </class>
        <class name="HorizonSceneBase.h" filename="Package/Plugins/HorizonFrameworkPlugin/Source/HorizonFramework/Public/Actor/Scene/HorizonSceneBase.h" line-rate="1.0000" branch-rate="0.0000" complexity="0" lines-covered="8" lines-valid="8" branches-covered="0" branches-valid="0">
          <methods />
          <lines>
            <line number="32" hits="1" />
            <line number="150" hits="1" />
            <line number="154" hits="1" />
            <line number="171" hits="1" />
            <line number="176" hits="1" />
            <line number="181" hits="1" />
            <line number="227" hits="1" />
            <line number="230" hits="1" />
          </lines>
        </class>
        <class name="HorizonTutorialScene.h" filename="Package/Plugins/HorizonFrameworkPlugin/Source/HorizonFramework/Public/Actor/Scene/HorizonTutorialScene.h" line-rate="0.3333" branch-rate="0.0000" complexity="0" lines-covered="1" lines-valid="3" branches-covered="0" branches-valid="0">
          <methods />
          <lines>
            <line number="23" hits="1" />
            <line number="65" hits="0" />
            <line number="68" hits="0" />
          </lines>
        </class>
        <class name="HorizonStaticMeshComponent.h" filename="Package/Plugins/HorizonFrameworkPlugin/Source/HorizonFramework/Public/Component/HorizonStaticMeshComponent.h" line-rate="1.0000" branch-rate="0.0000" complexity="0" lines-covered="1" lines-valid="1" branches-covered="0" branches-valid="0">
          <methods />
          <lines>
            <line number="18" hits="1" />
          </lines>
        </class>
        <class name="HorizonChangeSceneEvent.h" filename="Package/Plugins/HorizonFrameworkPlugin/Source/HorizonFramework/Public/Event/HorizonChangeSceneEvent.h" line-rate="0.5000" branch-rate="0.0000" complexity="0" lines-covered="1" lines-valid="2" branches-covered="0" branches-valid="0">
          <methods />
          <lines>
            <line number="19" hits="1" />
            <line number="41" hits="0" />
          </lines>
        </class>
        <class name="HorizonPopSceneEvent.h" filename="Package/Plugins/HorizonFrameworkPlugin/Source/HorizonFramework/Public/Event/HorizonPopSceneEvent.h" line-rate="1.0000" branch-rate="0.0000" complexity="0" lines-covered="1" lines-valid="1" branches-covered="0" branches-valid="0">
          <methods />
          <lines>
            <line number="17" hits="1" />
          </lines>
        </class>
        <class name="HorizonPushSceneEvent.h" filename="Package/Plugins/HorizonFrameworkPlugin/Source/HorizonFramework/Public/Event/HorizonPushSceneEvent.h" line-rate="1.0000" branch-rate="0.0000" complexity="0" lines-covered="1" lines-valid="1" branches-covered="0" branches-valid="0">
          <methods />
          <lines>
            <line number="17" hits="1" />
          </lines>
        </class>
        <class name="HorizonRemoveSceneEvent.h" filename="Package/Plugins/HorizonFrameworkPlugin/Source/HorizonFramework/Public/Event/HorizonRemoveSceneEvent.h" line-rate="1.0000" branch-rate="0.0000" complexity="0" lines-covered="1" lines-valid="1" branches-covered="0" branches-valid="0">
          <methods />
          <lines>
            <line number="16" hits="1" />
          </lines>
        </class>
        <class name="HorizonSceneEvent.h" filename="Package/Plugins/HorizonFrameworkPlugin/Source/HorizonFramework/Public/Event/HorizonSceneEvent.h" line-rate="0.4000" branch-rate="0.0000" complexity="0" lines-covered="2" lines-valid="5" branches-covered="0" branches-valid="0">
          <methods />
          <lines>
            <line number="25" hits="1" />
            <line number="43" hits="1" />
            <line number="79" hits="0" />
            <line number="81" hits="0" />
            <line number="84" hits="0" />
          </lines>
        </class>
        <class name="HorizonFrameworkFunctionLibrary.h" filename="Package/Plugins/HorizonFrameworkPlugin/Source/HorizonFramework/Public/HorizonFrameworkFunctionLibrary.h" line-rate="1.0000" branch-rate="0.0000" complexity="0" lines-covered="1" lines-valid="1" branches-covered="0" branches-valid="0">
          <methods />
          <lines>
            <line number="24" hits="1" />
          </lines>
        </class>
        <class name="HorizonFrameworkSetting.h" filename="Package/Plugins/HorizonFrameworkPlugin/Source/HorizonFramework/Public/HorizonFrameworkSetting.h" line-rate="1.0000" branch-rate="0.0000" complexity="0" lines-covered="1" lines-valid="1" branches-covered="0" branches-valid="0">
          <methods />
          <lines>
            <line number="18" hits="1" />
          </lines>
        </class>
        <class name="HorizonSceneManagerLibrary.h" filename="Package/Plugins/HorizonFrameworkPlugin/Source/HorizonFramework/Public/HorizonSceneManagerLibrary.h" line-rate="1.0000" branch-rate="0.0000" complexity="0" lines-covered="1" lines-valid="1" branches-covered="0" branches-valid="0">
          <methods />
          <lines>
            <line number="23" hits="1" />
          </lines>
        </class>
        <class name="HorizonSceneManagerProxy.h" filename="Package/Plugins/HorizonFrameworkPlugin/Source/HorizonFramework/Public/HorizonSceneManagerProxy.h" line-rate="1.0000" branch-rate="0.0000" complexity="0" lines-covered="1" lines-valid="1" branches-covered="0" branches-valid="0">
          <methods />
          <lines>
            <line number="29" hits="1" />
          </lines>
        </class>
        <class name="HorizonSceneSystem.h" filename="Package/Plugins/HorizonFrameworkPlugin/Source/HorizonFramework/Public/HorizonSceneSystem.h" line-rate="1.0000" branch-rate="0.0000" complexity="0" lines-covered="1" lines-valid="1" branches-covered="0" branches-valid="0">
          <methods />
          <lines>
            <line number="18" hits="1" />
          </lines>
        </class>
        <class name="HorizonFrameworkArchive.h" filename="Package/Plugins/HorizonFrameworkPlugin/Source/HorizonFramework/Public/Serialization/HorizonFrameworkArchive.h" line-rate="0.0000" branch-rate="0.0000" complexity="0" lines-covered="0" lines-valid="1" branches-covered="0" branches-valid="0">
          <methods />
          <lines>
            <line number="33" hits="0" />
          </lines>
        </class>
        <class name="HorizonStringTable.h" filename="Package/Plugins/HorizonFrameworkPlugin/Source/HorizonFramework/Public/StringTable/HorizonStringTable.h" line-rate="1.0000" branch-rate="0.0000" complexity="0" lines-covered="1" lines-valid="1" branches-covered="0" branches-valid="0">
          <methods />
          <lines>
            <line number="17" hits="1" />
          </lines>
        </class>
        <class name="HorizonGameInstance.h" filename="Package/Plugins/HorizonFrameworkPlugin/Source/HorizonFramework/Public/Util/HorizonGameInstance.h" line-rate="0.2000" branch-rate="0.0000" complexity="0" lines-covered="1" lines-valid="5" branches-covered="0" branches-valid="0">
          <methods />
          <lines>
            <line number="19" hits="1" />
            <line number="64" hits="0" />
            <line number="75" hits="0" />
            <line number="90" hits="0" />
            <line number="92" hits="0" />
          </lines>
        </class>
        <class name="HorizonSaveGame.h" filename="Package/Plugins/HorizonFrameworkPlugin/Source/HorizonFramework/Public/Util/HorizonSaveGame.h" line-rate="0.5000" branch-rate="0.0000" complexity="0" lines-covered="1" lines-valid="2" branches-covered="0" branches-valid="0">
          <methods />
          <lines>
            <line number="18" hits="1" />
            <line number="23" hits="0" />
          </lines>
        </class>
        <class name="HorizonFrameworkDemo.cpp" filename="Package/Source/HorizonFrameworkDemo/HorizonFrameworkDemo.cpp" line-rate="1.0000" branch-rate="0.0000" complexity="0" lines-covered="1" lines-valid="1" branches-covered="0" branches-valid="0">
          <methods />
          <lines>
            <line number="8" hits="1" />
          </lines>
        </class>
        <class name="HorizonFrameworkDemoGameModeBase.h" filename="Package/Source/HorizonFrameworkDemo/HorizonFrameworkDemoGameModeBase.h" line-rate="1.0000" branch-rate="0.0000" complexity="0" lines-covered="1" lines-valid="1" branches-covered="0" branches-valid="0">
          <methods />
          <lines>
            <line number="19" hits="1" />
          </lines>
        </class>
      </classes></package>
  </packages></coverage>