<?xml version='1.0' encoding='utf-8'?>
<Site BuildName="Windows" BuildStamp="0001.01.01-00.00.00" Generator="UE4_Automation_System" CompilerName="" CompilerVersion="" OSName="Windows" Hostname="PC-TiffanyHo" OSRelease="10" OSVersion="10.0.19045" OSPlatform="Windows" Is64Bits="1" VendorString="Intel64 Family 6 Model 158 Stepping 9, GenuineIntel" VendorID="Intel64 Family 6 Model 158 Stepping 9, GenuineIntel" FamilyID="" ModelID="" ProcessorCacheSize="" NumberOfLogicalCPU="8" NumberOfPhysicalCPU="" TotalVirtualMemory="" TotalPhysicalMemory="" LogicalProcessorsPerPhysical="" ProcessorClockFrequency="">
  <Testing>
    <StartDateTime>0001.01.01-00.00.00</StartDateTime>
    <StartTestTime>0</StartTestTime>
    <EndDateTime>0001.01.01-00.00.00</EndDateTime>
    <EndTestTime>0</EndTestTime>
    <ElapsedMinutes>0.00</ElapsedMinutes>
    <TestList>
      <Test>Plugin.HorizonFramework.HorizonFrameworkTest.HelloWorld</Test>
    </TestList>
    <Test Status="passed">
      <Name>Plugin.HorizonFramework.HorizonFrameworkTest.HelloWorld</Name>
      <Path>HelloWorld</Path>
      <FullName>Plugin.HorizonFramework.HorizonFrameworkTest.HelloWorld</FullName>
      <Results>
        <NamedMeasurement type="numeric/double" name="Execution Time">
          <Value>0.002547401934862137</Value>
        </NamedMeasurement>
        <NamedMeasurement type="text/string" name="Completion Status">
          <Value>passed</Value>
        </NamedMeasurement>
        <NamedMeasurement type="numeric/int" name="Warnings">
          <Value>0</Value>
        </NamedMeasurement>
        <NamedMeasurement type="numeric/int" name="Errors">
          <Value>0</Value>
        </NamedMeasurement>
        <Measurement>
          <Value />
        </Measurement>
      </Results>
      <Labels />
      <Status>passed</Status>
      <CompletionStatus>passed</CompletionStatus>
      <ExecutionTime>0.002547401934862137</ExecutionTime>
      <Command>Unreal Automation</Command>
      <StartTime>2026-06-01T12:20:42Z</StartTime>
      <EndTime>2026-06-01T12:20:42Z</EndTime>
    </Test>
  </Testing>
</Site>